<?xml version="1.0" encoding="UTF-8"?>
<!-- Generated by org.testng.reporters.JUnitReportReporter -->
<testsuite skipped="0" hostname="home-PC" name="com.amazon.test.LoginTest" tests="1" failures="0" timestamp="19 May 2019 08:07:36 GMT" time="78.247" errors="0">
  <testcase name="testLogin" time="78.247" classname="com.amazon.test.LoginTest"/>
</testsuite> <!-- com.amazon.test.LoginTest -->
